PID
-----------
140

(1 row(s) affected)

Novelty     
----------- ----------------------
1           14.3333333333333
2           51.6666666666667
3           35

PID
-----------
180

(1 row(s) affected)

Novelty     
----------- ----------------------
1           8.33333333333333
2           41.6666666666667
3           17

PID
-----------
181

(1 row(s) affected)

Novelty     
----------- ----------------------
1           107
2           138
3           196

PID
-----------
182

(1 row(s) affected)

Novelty     
----------- ----------------------
1           2.66666666666667
2           37.3333333333333
3           13

PID
-----------
197

(1 row(s) affected)

Novelty     
----------- ----------------------
1           32
2           82.3333333333333
3           68.6666666666667

PID
-----------
199

(1 row(s) affected)

Novelty     
----------- ----------------------
1           4.33333333333333
2           9.33333333333333
3           19.3333333333333

PID
-----------
205

(1 row(s) affected)

Novelty     
----------- ----------------------
1           63
2           33
3           43

PID
-----------
238

(1 row(s) affected)

Novelty     
----------- ----------------------
0           8
1           312.333333333333
2           122.333333333333
3           108.666666666667

PID
-----------
259

(1 row(s) affected)

Novelty     
----------- ----------------------
1           244.333333333333
2           486
3           228.666666666667

PID
-----------
270

(1 row(s) affected)

Novelty     
----------- ----------------------
1           13.6666666666667
2           174.666666666667
3           86.6666666666667

PID
-----------
293

(1 row(s) affected)

Novelty     
----------- ----------------------
1           2.33333333333333
2           69.6666666666667
3           24

PID
-----------
304

(1 row(s) affected)

Novelty     
----------- ----------------------
1           25.6666666666667
2           51.6666666666667
3           23.6666666666667

PID
-----------
313

(1 row(s) affected)

Novelty     
----------- ----------------------
1           9
2           81.6666666666667
3           90.3333333333333

PID
-----------
317

(1 row(s) affected)

Novelty     
----------- ----------------------
1           19.3333333333333
2           207.333333333333
3           181.333333333333

PID
-----------
335

(1 row(s) affected)

Novelty     
----------- ----------------------
1           26
2           56
3           89

PID
-----------
337

(1 row(s) affected)

Novelty     
----------- ----------------------
1           3.33333333333333
2           68.6666666666667
3           51

PID
-----------
342

(1 row(s) affected)

Novelty     
----------- ----------------------
1           255.333333333333
2           57
3           11.6666666666667

PID
-----------
345

(1 row(s) affected)

Novelty     
----------- ----------------------
1           19
2           227.666666666667
3           139.333333333333

PID
-----------
347

(1 row(s) affected)

Novelty     
----------- ----------------------
1           15
2           35.3333333333333
3           46.6666666666667

PID
-----------
363

(1 row(s) affected)

Novelty     
----------- ----------------------
1           43
2           88.3333333333333
3           35.6666666666667

PID
-----------
376

(1 row(s) affected)

Novelty     
----------- ----------------------
1           14.6666666666667
2           75.6666666666667
3           39.6666666666667

PID
-----------
399

(1 row(s) affected)

Novelty     
----------- ----------------------
1           21.3333333333333
2           76.3333333333333
3           59.3333333333333

PID
-----------
406

(1 row(s) affected)

Novelty     
----------- ----------------------
1           0.666666666666667
2           79.3333333333333
3           32

PID
-----------
412

(1 row(s) affected)

Novelty     
----------- ----------------------
1           1.33333333333333
2           88.6666666666667
3           57

PID
-----------
420

(1 row(s) affected)

Novelty     
----------- ----------------------
1           5
2           41.3333333333333
3           28.6666666666667

PID
-----------
447

(1 row(s) affected)

Novelty     
----------- ----------------------
1           19.6666666666667
2           85
3           55.3333333333333

PID
-----------
451

(1 row(s) affected)

Novelty     
----------- ----------------------
1           67.6666666666667
2           192
3           141.666666666667

PID
-----------
471

(1 row(s) affected)

Novelty     
----------- ----------------------
2           18
3           9

PID
-----------
481

(1 row(s) affected)

Novelty     
----------- ----------------------
1           7.66666666666667
2           69.6666666666667
3           99.6666666666667

PID
-----------
486

(1 row(s) affected)

Novelty     
----------- ----------------------
1           14.3333333333333
2           123.333333333333
3           103.333333333333

PID
-----------
492

(1 row(s) affected)

Novelty     
----------- ----------------------
1           8.33333333333333
2           33.6666666666667
3           74

PID
-----------
499

(1 row(s) affected)

Novelty     
----------- ----------------------
1           6
2           49
3           32

PID
-----------
503

(1 row(s) affected)

Novelty     
----------- ----------------------
1           90
2           193.333333333333
3           137.666666666667

PID
-----------
504

(1 row(s) affected)

Novelty     
----------- ----------------------
1           4.33333333333333
2           216.333333333333
3           111.333333333333

PID
-----------
505

(1 row(s) affected)

Novelty     
----------- ----------------------
1           4
2           16.3333333333333
3           44.6666666666667

PID
-----------
511

(1 row(s) affected)

Novelty     
----------- ----------------------
1           11.3333333333333
2           66
3           33.6666666666667

PID
-----------
518

(1 row(s) affected)

Novelty     
----------- ----------------------
1           0.666666666666667
2           21.6666666666667
3           5.66666666666667

PID
-----------
519

(1 row(s) affected)

Novelty     
----------- ----------------------
1           22.6666666666667
2           104.333333333333
3           50

PID
-----------
531

(1 row(s) affected)

Novelty     
----------- ----------------------
1           43
2           37.3333333333333
3           165.666666666667

PID
-----------
533

(1 row(s) affected)

Novelty     
----------- ----------------------
1           8
2           83
3           87

PID
-----------
535

(1 row(s) affected)

Novelty     
----------- ----------------------
1           7.66666666666667
2           152
3           92.3333333333333

PID
-----------
546

(1 row(s) affected)

Novelty     
----------- ----------------------
1           3.66666666666667
2           48.3333333333333
3           27

PID
-----------
560

(1 row(s) affected)

Novelty     
----------- ----------------------
1           189.333333333333
2           104
3           74.6666666666667

PID
-----------
564

(1 row(s) affected)

Novelty     
----------- ----------------------
1           15.6666666666667
2           385.333333333333
3           61

PID
-----------
568

(1 row(s) affected)

Novelty     
----------- ----------------------
1           33.3333333333333
2           125.666666666667
3           86

